[15-Nov-2024 03:04:46 UTC] PHP Warning:  Array to string conversion in D:\xampp\htdocs\PAR_task\wp-content\themes\astra-child\ajax.php on line 11
[15-Nov-2024 03:05:21 UTC] PHP Warning:  Array to string conversion in D:\xampp\htdocs\PAR_task\wp-content\themes\astra-child\ajax.php on line 11
[15-Nov-2024 03:06:33 UTC] PHP Warning:  Array to string conversion in D:\xampp\htdocs\PAR_task\wp-content\themes\astra-child\ajax.php on line 13
[15-Nov-2024 03:06:33 UTC] PHP Warning:  Array to string conversion in D:\xampp\htdocs\PAR_task\wp-content\themes\astra-child\ajax.php on line 13
[15-Nov-2024 03:06:33 UTC] PHP Warning:  Array to string conversion in D:\xampp\htdocs\PAR_task\wp-content\themes\astra-child\ajax.php on line 13
[15-Nov-2024 03:06:33 UTC] PHP Warning:  Array to string conversion in D:\xampp\htdocs\PAR_task\wp-content\themes\astra-child\ajax.php on line 13
[15-Nov-2024 03:07:31 UTC] PHP Warning:  Trying to access array offset on value of type int in D:\xampp\htdocs\PAR_task\wp-content\themes\astra-child\ajax.php on line 13
[15-Nov-2024 03:07:31 UTC] PHP Warning:  Trying to access array offset on value of type int in D:\xampp\htdocs\PAR_task\wp-content\themes\astra-child\ajax.php on line 13
[15-Nov-2024 03:07:31 UTC] PHP Warning:  Trying to access array offset on value of type int in D:\xampp\htdocs\PAR_task\wp-content\themes\astra-child\ajax.php on line 13
[15-Nov-2024 03:07:31 UTC] PHP Warning:  Trying to access array offset on value of type int in D:\xampp\htdocs\PAR_task\wp-content\themes\astra-child\ajax.php on line 13
[15-Nov-2024 03:08:25 UTC] PHP Warning:  foreach() argument must be of type array|object, string given in D:\xampp\htdocs\PAR_task\wp-content\themes\astra-child\ajax.php on line 11
[15-Nov-2024 03:09:19 UTC] PHP Warning:  Trying to access array offset on value of type int in D:\xampp\htdocs\PAR_task\wp-content\themes\astra-child\ajax.php on line 13
[15-Nov-2024 03:09:19 UTC] PHP Warning:  Trying to access array offset on value of type int in D:\xampp\htdocs\PAR_task\wp-content\themes\astra-child\ajax.php on line 13
[15-Nov-2024 03:09:19 UTC] PHP Warning:  Trying to access array offset on value of type int in D:\xampp\htdocs\PAR_task\wp-content\themes\astra-child\ajax.php on line 13
[15-Nov-2024 03:09:19 UTC] PHP Warning:  Trying to access array offset on value of type int in D:\xampp\htdocs\PAR_task\wp-content\themes\astra-child\ajax.php on line 13
[15-Nov-2024 03:16:00 UTC] PHP Warning:  Array to string conversion in D:\xampp\htdocs\PAR_task\wp-content\themes\astra-child\ajax.php on line 15
[15-Nov-2024 03:16:00 UTC] PHP Warning:  Array to string conversion in D:\xampp\htdocs\PAR_task\wp-content\themes\astra-child\ajax.php on line 15
[15-Nov-2024 03:16:00 UTC] PHP Warning:  Array to string conversion in D:\xampp\htdocs\PAR_task\wp-content\themes\astra-child\ajax.php on line 15
[15-Nov-2024 03:16:00 UTC] PHP Warning:  Array to string conversion in D:\xampp\htdocs\PAR_task\wp-content\themes\astra-child\ajax.php on line 15
[15-Nov-2024 03:16:55 UTC] PHP Warning:  Array to string conversion in D:\xampp\htdocs\PAR_task\wp-content\themes\astra-child\ajax.php on line 13
[15-Nov-2024 03:16:55 UTC] PHP Warning:  Array to string conversion in D:\xampp\htdocs\PAR_task\wp-content\themes\astra-child\ajax.php on line 13
[15-Nov-2024 03:16:55 UTC] PHP Warning:  Array to string conversion in D:\xampp\htdocs\PAR_task\wp-content\themes\astra-child\ajax.php on line 13
[15-Nov-2024 03:16:55 UTC] PHP Warning:  Array to string conversion in D:\xampp\htdocs\PAR_task\wp-content\themes\astra-child\ajax.php on line 13
[16-Nov-2024 17:54:40 UTC] PHP Deprecated:  Function wp_update_https_detection_errors is <strong>deprecated</strong> since version 6.4.0 with no alternative available. in D:\xampp\htdocs\PAR_task\wp-includes\functions.php on line 6085
[16-Nov-2024 17:54:52 UTC] Automatic updates starting...
[16-Nov-2024 17:54:54 UTC]   Automatic theme updates starting...
[16-Nov-2024 17:54:55 UTC]   Automatic theme updates complete.
[16-Nov-2024 17:54:55 UTC] Automatic updates complete.
